This is pdfTeX, Version 3.14159265-2.6-1.40.20 (TeX Live 2019/Debian) (preloaded format=pdflatex 2022.5.16)  14 JUN 2022 11:03
entering extended mode
 restricted \write18 enabled.
 %&-line parsing enabled.
**methodoAnalyseSentinel2TimeSerie2021.tex
(./methodoAnalyseSentinel2TimeSerie2021.tex
LaTeX2e <2020-02-02> patch level 2
L3 programming layer <2020-02-14>
(/usr/share/texlive/texmf-dist/tex/latex/base/article.cls
Document Class: article 2019/12/20 v1.4l Standard LaTeX document class
(/usr/share/texlive/texmf-dist/tex/latex/base/size12.clo
File: size12.clo 2019/12/20 v1.4l Standard LaTeX file (size option)
)
\c@part=\count167
\c@section=\count168
\c@subsection=\count169
\c@subsubsection=\count170
\c@paragraph=\count171
\c@subparagraph=\count172
\c@figure=\count173
\c@table=\count174
\abovecaptionskip=\skip47
\belowcaptionskip=\skip48
\bibindent=\dimen134
)
(/usr/share/texlive/texmf-dist/tex/latex/base/inputenc.sty
Package: inputenc 2018/08/11 v1.3c Input encoding file
\inpenc@prehook=\toks14
\inpenc@posthook=\toks15
)
(/usr/share/texlive/texmf-dist/tex/generic/babel/babel.sty
Package: babel 2020/02/14 3.40 The Babel package

(/usr/share/texlive/texmf-dist/tex/generic/babel/switch.def
File: switch.def 2020/02/14 3.40 Babel switching mechanism
)
(/usr/share/texlive/texmf-dist/tex/generic/babel-english/american.ldf
Language: american 2017/06/06 v3.3r English support from the babel system

(/usr/share/texlive/texmf-dist/tex/generic/babel-english/english.ldf
Language: english 2017/06/06 v3.3r English support from the babel system

(/usr/share/texlive/texmf-dist/tex/generic/babel/babel.def
File: babel.def 2020/02/14 3.40 Babel common definitions
\babel@savecnt=\count175
\U@D=\dimen135

(/usr/share/texlive/texmf-dist/tex/generic/babel/txtbabel.def)
\bbl@readstream=\read2
\bbl@dirlevel=\count176
)
Package babel Info: \l@british = using hyphenrules for english
(babel)             (\language0) on input line 82.
Package babel Info: \l@UKenglish = using hyphenrules for english
(babel)             (\language0) on input line 83.
Package babel Info: \l@canadian = using hyphenrules for english
(babel)             (\language0) on input line 102.
Package babel Info: \l@australian = using hyphenrules for english
(babel)             (\language0) on input line 105.
Package babel Info: \l@newzealand = using hyphenrules for english
(babel)             (\language0) on input line 108.
)))
(/usr/share/texlive/texmf-dist/tex/latex/amsfonts/amsfonts.sty
Package: amsfonts 2013/01/14 v3.01 Basic AMSFonts support
\@emptytoks=\toks16
\symAMSa=\mathgroup4
\symAMSb=\mathgroup5
LaTeX Font Info:    Redeclaring math symbol \hbar on input line 98.
LaTeX Font Info:    Overwriting math alphabet `\mathfrak' in version `bold'
(Font)                  U/euf/m/n --> U/euf/b/n on input line 106.
)
(/usr/share/texlive/texmf-dist/tex/latex/amsfonts/amssymb.sty
Package: amssymb 2013/01/14 v3.01 AMS font symbols
)
(/usr/share/texlive/texmf-dist/tex/latex/url/url.sty
\Urlmuskip=\muskip16
Package: url 2013/09/16  ver 3.4  Verb mode for urls, etc.
)
(/usr/share/texlive/texmf-dist/tex/latex/fancyhdr/fancyhdr.sty
Package: fancyhdr 2019/01/31 v3.10 Extensive control of page headers and footer
s
\f@nch@headwidth=\skip49
\f@nch@O@elh=\skip50
\f@nch@O@erh=\skip51
\f@nch@O@olh=\skip52
\f@nch@O@orh=\skip53
\f@nch@O@elf=\skip54
\f@nch@O@erf=\skip55
\f@nch@O@olf=\skip56
\f@nch@O@orf=\skip57
)
(/usr/share/texlive/texmf-dist/tex/latex/multirow/multirow.sty
Package: multirow 2019/05/31 v2.5 Span multiple rows of a table
\multirow@colwidth=\skip58
\multirow@cntb=\count177
\multirow@dima=\skip59
\bigstrutjot=\dimen136
)
(/usr/share/texlive/texmf-dist/tex/latex/appendix/appendix.sty
Package: appendix 2020/02/08 v1.2c extra appendix facilities
\c@@pps=\count178
\c@@ppsavesec=\count179
\c@@ppsaveapp=\count180
)
(/usr/share/texlive/texmf-dist/tex/latex/bigfoot/perpage.sty
Package: perpage 2014/10/25 2.0 Reset/sort counters per page
\c@abspage=\count181
)
(/usr/share/texlive/texmf-dist/tex/latex/graphics/color.sty
Package: color 2019/11/23 v1.2a Standard LaTeX Color (DPC)

(/usr/share/texlive/texmf-dist/tex/latex/graphics-cfg/color.cfg
File: color.cfg 2016/01/02 v1.6 sample color configuration
)
Package color Info: Driver file: pdftex.def on input line 147.

(/usr/share/texlive/texmf-dist/tex/latex/graphics-def/pdftex.def
File: pdftex.def 2018/01/08 v1.0l Graphics/color driver for pdftex
))
(/usr/share/texlive/texmf-dist/tex/latex/graphics/graphicx.sty
Package: graphicx 2019/11/30 v1.2a Enhanced LaTeX Graphics (DPC,SPQR)

(/usr/share/texlive/texmf-dist/tex/latex/graphics/keyval.sty
Package: keyval 2014/10/28 v1.15 key=value parser (DPC)
\KV@toks@=\toks17
)
(/usr/share/texlive/texmf-dist/tex/latex/graphics/graphics.sty
Package: graphics 2019/11/30 v1.4a Standard LaTeX Graphics (DPC,SPQR)

(/usr/share/texlive/texmf-dist/tex/latex/graphics/trig.sty
Package: trig 2016/01/03 v1.10 sin cos tan (DPC)
)
(/usr/share/texlive/texmf-dist/tex/latex/graphics-cfg/graphics.cfg
File: graphics.cfg 2016/06/04 v1.11 sample graphics configuration
)
Package graphics Info: Driver file: pdftex.def on input line 105.
)
\Gin@req@height=\dimen137
\Gin@req@width=\dimen138
)
(/usr/share/texlive/texmf-dist/tex/latex/graphics/epsfig.sty
Package: epsfig 2017/06/25 v1.7b (e)psfig emulation (SPQR)
\epsfxsize=\dimen139
\epsfysize=\dimen140
)
(/usr/share/texlive/texmf-dist/tex/latex/natbib/natbib.sty
Package: natbib 2010/09/13 8.31b (PWD, AO)
\bibhang=\skip60
\bibsep=\skip61
LaTeX Info: Redefining \cite on input line 694.
\c@NAT@ctr=\count182
)
(/usr/share/texlive/texmf-dist/tex/latex/float/float.sty
Package: float 2001/11/08 v1.3d Float enhancements (AL)
\c@float@type=\count183
\float@exts=\toks18
\float@box=\box45
\@float@everytoks=\toks19
\@floatcapt=\box46
)
(/usr/share/texlive/texmf-dist/tex/latex/amsmath/amsmath.sty
Package: amsmath 2020/01/20 v2.17e AMS math features
\@mathmargin=\skip62

For additional information on amsmath, use the `?' option.
(/usr/share/texlive/texmf-dist/tex/latex/amsmath/amstext.sty
Package: amstext 2000/06/29 v2.01 AMS text

(/usr/share/texlive/texmf-dist/tex/latex/amsmath/amsgen.sty
File: amsgen.sty 1999/11/30 v2.0 generic functions
\@emptytoks=\toks20
\ex@=\dimen141
))
(/usr/share/texlive/texmf-dist/tex/latex/amsmath/amsbsy.sty
Package: amsbsy 1999/11/29 v1.2d Bold Symbols
\pmbraise@=\dimen142
)
(/usr/share/texlive/texmf-dist/tex/latex/amsmath/amsopn.sty
Package: amsopn 2016/03/08 v2.02 operator names
)
\inf@bad=\count184
LaTeX Info: Redefining \frac on input line 227.
\uproot@=\count185
\leftroot@=\count186
LaTeX Info: Redefining \overline on input line 389.
\classnum@=\count187
\DOTSCASE@=\count188
LaTeX Info: Redefining \ldots on input line 486.
LaTeX Info: Redefining \dots on input line 489.
LaTeX Info: Redefining \cdots on input line 610.
\Mathstrutbox@=\box47
\strutbox@=\box48
\big@size=\dimen143
LaTeX Font Info:    Redeclaring font encoding OML on input line 733.
LaTeX Font Info:    Redeclaring font encoding OMS on input line 734.
\macc@depth=\count189
\c@MaxMatrixCols=\count190
\dotsspace@=\muskip17
\c@parentequation=\count191
\dspbrk@lvl=\count192
\tag@help=\toks21
\row@=\count193
\column@=\count194
\maxfields@=\count195
\andhelp@=\toks22
\eqnshift@=\dimen144
\alignsep@=\dimen145
\tagshift@=\dimen146
\tagwidth@=\dimen147
\totwidth@=\dimen148
\lineht@=\dimen149
\@envbody=\toks23
\multlinegap=\skip63
\multlinetaggap=\skip64
\mathdisplay@stack=\toks24
LaTeX Info: Redefining \[ on input line 2859.
LaTeX Info: Redefining \] on input line 2860.
)
(/usr/share/texlive/texmf-dist/tex/latex/hyperref/hyperref.sty
Package: hyperref 2020/01/14 v7.00d Hypertext links for LaTeX

(/usr/share/texlive/texmf-dist/tex/generic/ltxcmds/ltxcmds.sty
Package: ltxcmds 2019/12/15 v1.24 LaTeX kernel commands for general use (HO)
)
(/usr/share/texlive/texmf-dist/tex/generic/iftex/iftex.sty
Package: iftex 2019/11/07 v1.0c TeX engine tests
)
(/usr/share/texlive/texmf-dist/tex/latex/pdftexcmds/pdftexcmds.sty
Package: pdftexcmds 2019/11/24 v0.31 Utility functions of pdfTeX for LuaTeX (HO
)

(/usr/share/texlive/texmf-dist/tex/generic/infwarerr/infwarerr.sty
Package: infwarerr 2019/12/03 v1.5 Providing info/warning/error messages (HO)
)
Package pdftexcmds Info: \pdf@primitive is available.
Package pdftexcmds Info: \pdf@ifprimitive is available.
Package pdftexcmds Info: \pdfdraftmode found.
)
(/usr/share/texlive/texmf-dist/tex/generic/kvsetkeys/kvsetkeys.sty
Package: kvsetkeys 2019/12/15 v1.18 Key value parser (HO)
)
(/usr/share/texlive/texmf-dist/tex/generic/kvdefinekeys/kvdefinekeys.sty
Package: kvdefinekeys 2019-12-19 v1.6 Define keys (HO)
)
(/usr/share/texlive/texmf-dist/tex/generic/pdfescape/pdfescape.sty
Package: pdfescape 2019/12/09 v1.15 Implements pdfTeX's escape features (HO)
)
(/usr/share/texlive/texmf-dist/tex/latex/hycolor/hycolor.sty
Package: hycolor 2020-01-27 v1.10 Color options for hyperref/bookmark (HO)
)
(/usr/share/texlive/texmf-dist/tex/latex/letltxmacro/letltxmacro.sty
Package: letltxmacro 2019/12/03 v1.6 Let assignment for LaTeX macros (HO)
)
(/usr/share/texlive/texmf-dist/tex/latex/auxhook/auxhook.sty
Package: auxhook 2019-12-17 v1.6 Hooks for auxiliary files (HO)
)
(/usr/share/texlive/texmf-dist/tex/latex/kvoptions/kvoptions.sty
Package: kvoptions 2019/11/29 v3.13 Key value format for package options (HO)
)
\@linkdim=\dimen150
\Hy@linkcounter=\count196
\Hy@pagecounter=\count197

(/usr/share/texlive/texmf-dist/tex/latex/hyperref/pd1enc.def
File: pd1enc.def 2020/01/14 v7.00d Hyperref: PDFDocEncoding definition (HO)
Now handling font encoding PD1 ...
... no UTF-8 mapping file for font encoding PD1
)
(/usr/share/texlive/texmf-dist/tex/generic/intcalc/intcalc.sty
Package: intcalc 2019/12/15 v1.3 Expandable calculations with integers (HO)
)
(/usr/share/texlive/texmf-dist/tex/generic/etexcmds/etexcmds.sty
Package: etexcmds 2019/12/15 v1.7 Avoid name clashes with e-TeX commands (HO)
)
\Hy@SavedSpaceFactor=\count198
\pdfmajorversion=\count199
Package hyperref Info: Option `colorlinks' set `true' on input line 4421.
Package hyperref Info: Hyper figures OFF on input line 4547.
Package hyperref Info: Link nesting OFF on input line 4552.
Package hyperref Info: Hyper index ON on input line 4555.
Package hyperref Info: Plain pages OFF on input line 4562.
Package hyperref Info: Backreferencing OFF on input line 4567.
Package hyperref Info: Implicit mode ON; LaTeX internals redefined.
Package hyperref Info: Bookmarks ON on input line 4800.
\c@Hy@tempcnt=\count266
LaTeX Info: Redefining \url on input line 5159.
\XeTeXLinkMargin=\dimen151

(/usr/share/texlive/texmf-dist/tex/generic/bitset/bitset.sty
Package: bitset 2019/12/09 v1.3 Handle bit-vector datatype (HO)

(/usr/share/texlive/texmf-dist/tex/generic/bigintcalc/bigintcalc.sty
Package: bigintcalc 2019/12/15 v1.5 Expandable calculations on big integers (HO
)
))
\Fld@menulength=\count267
\Field@Width=\dimen152
\Fld@charsize=\dimen153
Package hyperref Info: Hyper figures OFF on input line 6430.
Package hyperref Info: Link nesting OFF on input line 6435.
Package hyperref Info: Hyper index ON on input line 6438.
Package hyperref Info: backreferencing OFF on input line 6445.
Package hyperref Info: Link coloring ON on input line 6448.
Package hyperref Info: Link coloring with OCG OFF on input line 6455.
Package hyperref Info: PDF/A mode OFF on input line 6460.
LaTeX Info: Redefining \ref on input line 6500.
LaTeX Info: Redefining \pageref on input line 6504.

(/usr/share/texlive/texmf-dist/tex/generic/atbegshi/atbegshi.sty
Package: atbegshi 2019/12/05 v1.19 At begin shipout hook (HO)
)
\Hy@abspage=\count268
\c@Item=\count269
\c@Hfootnote=\count270
)
Package hyperref Info: Driver (autodetected): hpdftex.

(/usr/share/texlive/texmf-dist/tex/latex/hyperref/hpdftex.def
File: hpdftex.def 2020/01/14 v7.00d Hyperref driver for pdfTeX

(/usr/share/texlive/texmf-dist/tex/latex/atveryend/atveryend.sty
Package: atveryend 2019-12-11 v1.11 Hooks at the very end of document (HO)
Package atveryend Info: \enddocument detected (standard20110627).
)
\Fld@listcount=\count271
\c@bookmark@seq@number=\count272

(/usr/share/texlive/texmf-dist/tex/latex/rerunfilecheck/rerunfilecheck.sty
Package: rerunfilecheck 2019/12/05 v1.9 Rerun checks for auxiliary files (HO)

(/usr/share/texlive/texmf-dist/tex/generic/uniquecounter/uniquecounter.sty
Package: uniquecounter 2019/12/15 v1.4 Provide unlimited unique counter (HO)
)
Package uniquecounter Info: New unique counter `rerunfilecheck' on input line 2
86.
)
\Hy@SectionHShift=\skip65
)
(/usr/share/texlive/texmf-dist/tex/latex/setspace/setspace.sty
Package: setspace 2011/12/19 v6.7a set line spacing
)
(/usr/share/texlive/texmf-dist/tex/latex/pdfpages/pdfpages.sty
Package: pdfpages 2020/01/28 v0.5q Insert pages of external PDF documents (AM)

(/usr/share/texlive/texmf-dist/tex/latex/base/ifthen.sty
Package: ifthen 2014/09/29 v1.1c Standard LaTeX ifthen package (DPC)
)
(/usr/share/texlive/texmf-dist/tex/latex/tools/calc.sty
Package: calc 2017/05/25 v4.3 Infix arithmetic (KKT,FJ)
\calc@Acount=\count273
\calc@Bcount=\count274
\calc@Adimen=\dimen154
\calc@Bdimen=\dimen155
\calc@Askip=\skip66
\calc@Bskip=\skip67
LaTeX Info: Redefining \setlength on input line 80.
LaTeX Info: Redefining \addtolength on input line 81.
\calc@Ccount=\count275
\calc@Cskip=\skip68
)
(/usr/share/texlive/texmf-dist/tex/latex/eso-pic/eso-pic.sty
Package: eso-pic 2018/04/12 v2.0h eso-pic (RN)
)
\AM@pagewidth=\dimen156
\AM@pageheight=\dimen157

(/usr/share/texlive/texmf-dist/tex/latex/pdfpages/pppdftex.def
File: pppdftex.def 2020/01/28 v0.5q Pdfpages driver for pdfTeX (AM)
)
\AM@pagebox=\box49
\AM@global@opts=\toks25
\AM@pagecnt=\count276
\AM@toc@title=\toks26
\c@AM@survey=\count277
\AM@templatesizebox=\box50
)
(/usr/share/texlive/texmf-dist/tex/latex/listings/listings.sty
\lst@mode=\count278
\lst@gtempboxa=\box51
\lst@token=\toks27
\lst@length=\count279
\lst@currlwidth=\dimen158
\lst@column=\count280
\lst@pos=\count281
\lst@lostspace=\dimen159
\lst@width=\dimen160
\lst@newlines=\count282
\lst@lineno=\count283
\lst@maxwidth=\dimen161

(/usr/share/texlive/texmf-dist/tex/latex/listings/lstmisc.sty
File: lstmisc.sty 2019/09/10 1.8c (Carsten Heinz)
\c@lstnumber=\count284
\lst@skipnumbers=\count285
\lst@framebox=\box52
)
(/usr/share/texlive/texmf-dist/tex/latex/listings/listings.cfg
File: listings.cfg 2019/09/10 1.8c listings configuration
))
Package: listings 2019/09/10 1.8c (Carsten Heinz)

(/usr/share/texlive/texmf-dist/tex/latex/xcolor/xcolor.sty
Package: xcolor 2016/05/11 v2.12 LaTeX color extensions (UK)

(/usr/share/texlive/texmf-dist/tex/latex/graphics-cfg/color.cfg
File: color.cfg 2016/01/02 v1.6 sample color configuration
)
Package xcolor Info: Driver file: pdftex.def on input line 225.
LaTeX Info: Redefining \color on input line 709.
Package xcolor Info: Model `cmy' substituted by `cmy0' on input line 1348.
Package xcolor Info: Model `hsb' substituted by `rgb' on input line 1352.
Package xcolor Info: Model `RGB' extended on input line 1364.
Package xcolor Info: Model `HTML' substituted by `rgb' on input line 1366.
Package xcolor Info: Model `Hsb' substituted by `hsb' on input line 1367.
Package xcolor Info: Model `tHsb' substituted by `hsb' on input line 1368.
Package xcolor Info: Model `HSB' substituted by `hsb' on input line 1369.
Package xcolor Info: Model `Gray' substituted by `gray' on input line 1370.
Package xcolor Info: Model `wave' substituted by `hsb' on input line 1371.
)
(/usr/share/texlive/texmf-dist/tex/latex/caption/subcaption.sty
Package: subcaption 2020/01/22 v1.3d Sub-captions (AR)

(/usr/share/texlive/texmf-dist/tex/latex/caption/caption.sty
Package: caption 2020/01/03 v3.4h Customizing captions (AR)

(/usr/share/texlive/texmf-dist/tex/latex/caption/caption3.sty
Package: caption3 2020/01/03 v1.8h caption3 kernel (AR)
Package caption3 Info: TeX engine: e-TeX on input line 61.
\captionmargin=\dimen162
\captionmargin@=\dimen163
\captionwidth=\dimen164
\caption@tempdima=\dimen165
\caption@indent=\dimen166
\caption@parindent=\dimen167
\caption@hangindent=\dimen168
Package caption Info: Standard document class detected.
)
\c@caption@flags=\count286
\c@continuedfloat=\count287
Package caption Info: float package is loaded.
Package caption Info: hyperref package is loaded.
Package caption Info: listings package is loaded.
)
\c@subfigure=\count288
\c@subtable=\count289
)
(/usr/share/texlive/texmf-dist/tex/latex/was/fixmath.sty
Package: fixmath 2000/04/11 v0.9 (WaS)
LaTeX Font Info:    Redeclaring math symbol \Gamma on input line 27.
LaTeX Font Info:    Redeclaring math symbol \Delta on input line 28.
LaTeX Font Info:    Redeclaring math symbol \Theta on input line 29.
LaTeX Font Info:    Redeclaring math symbol \Lambda on input line 30.
LaTeX Font Info:    Redeclaring math symbol \Xi on input line 31.
LaTeX Font Info:    Redeclaring math symbol \Pi on input line 32.
LaTeX Font Info:    Redeclaring math symbol \Sigma on input line 33.
LaTeX Font Info:    Redeclaring math symbol \Upsilon on input line 34.
LaTeX Font Info:    Redeclaring math symbol \Phi on input line 35.
LaTeX Font Info:    Redeclaring math symbol \Psi on input line 36.
LaTeX Font Info:    Redeclaring math symbol \Omega on input line 37.
LaTeX Font Info:    Redeclaring math symbol \alpha on input line 38.
LaTeX Font Info:    Redeclaring math symbol \beta on input line 39.
LaTeX Font Info:    Redeclaring math symbol \gamma on input line 40.
LaTeX Font Info:    Redeclaring math symbol \delta on input line 41.
LaTeX Font Info:    Redeclaring math symbol \epsilon on input line 42.
LaTeX Font Info:    Redeclaring math symbol \zeta on input line 43.
LaTeX Font Info:    Redeclaring math symbol \eta on input line 44.
LaTeX Font Info:    Redeclaring math symbol \theta on input line 45.
LaTeX Font Info:    Redeclaring math symbol \iota on input line 46.
LaTeX Font Info:    Redeclaring math symbol \kappa on input line 47.
LaTeX Font Info:    Redeclaring math symbol \lambda on input line 48.
LaTeX Font Info:    Redeclaring math symbol \mu on input line 49.
LaTeX Font Info:    Redeclaring math symbol \nu on input line 50.
LaTeX Font Info:    Redeclaring math symbol \xi on input line 51.
LaTeX Font Info:    Redeclaring math symbol \pi on input line 52.
LaTeX Font Info:    Redeclaring math symbol \rho on input line 53.
LaTeX Font Info:    Redeclaring math symbol \sigma on input line 54.
LaTeX Font Info:    Redeclaring math symbol \tau on input line 55.
LaTeX Font Info:    Redeclaring math symbol \upsilon on input line 56.
LaTeX Font Info:    Redeclaring math symbol \phi on input line 57.
LaTeX Font Info:    Redeclaring math symbol \chi on input line 58.
LaTeX Font Info:    Redeclaring math symbol \psi on input line 59.
LaTeX Font Info:    Redeclaring math symbol \omega on input line 60.
LaTeX Font Info:    Redeclaring math symbol \varepsilon on input line 61.
LaTeX Font Info:    Redeclaring math symbol \vartheta on input line 62.
LaTeX Font Info:    Redeclaring math symbol \varpi on input line 63.
LaTeX Font Info:    Redeclaring math symbol \varphi on input line 64.
LaTeX Font Info:    Redeclaring math symbol \varrho on input line 65.
LaTeX Font Info:    Redeclaring math symbol \varsigma on input line 66.
)
(/usr/share/texlive/texmf-dist/tex/latex/l3backend/l3backend-pdfmode.def
File: l3backend-pdfmode.def 2020-02-03 L3 backend support: PDF mode
\l__kernel_color_stack_int=\count290
\l__pdf_internal_box=\box53
)
(./methodoAnalyseSentinel2TimeSerie2021.aux)
\openout1 = `methodoAnalyseSentinel2TimeSerie2021.aux'.

LaTeX Font Info:    Checking defaults for OML/cmm/m/it on input line 111.
LaTeX Font Info:    ... okay on input line 111.
LaTeX Font Info:    Checking defaults for OMS/cmsy/m/n on input line 111.
LaTeX Font Info:    ... okay on input line 111.
LaTeX Font Info:    Checking defaults for OT1/cmr/m/n on input line 111.
LaTeX Font Info:    ... okay on input line 111.
LaTeX Font Info:    Checking defaults for T1/cmr/m/n on input line 111.
LaTeX Font Info:    ... okay on input line 111.
LaTeX Font Info:    Checking defaults for TS1/cmr/m/n on input line 111.
LaTeX Font Info:    ... okay on input line 111.
LaTeX Font Info:    Checking defaults for OMX/cmex/m/n on input line 111.
LaTeX Font Info:    ... okay on input line 111.
LaTeX Font Info:    Checking defaults for U/cmr/m/n on input line 111.
LaTeX Font Info:    ... okay on input line 111.
LaTeX Font Info:    Checking defaults for PD1/pdf/m/n on input line 111.
LaTeX Font Info:    ... okay on input line 111.

(/usr/share/texlive/texmf-dist/tex/context/base/mkii/supp-pdf.mkii
[Loading MPS to PDF converter (version 2006.09.02).]
\scratchcounter=\count291
\scratchdimen=\dimen169
\scratchbox=\box54
\nofMPsegments=\count292
\nofMParguments=\count293
\everyMPshowfont=\toks28
\MPscratchCnt=\count294
\MPscratchDim=\dimen170
\MPnumerator=\count295
\makeMPintoPDFobject=\count296
\everyMPtoPDFconversion=\toks29
) (/usr/share/texlive/texmf-dist/tex/latex/epstopdf-pkg/epstopdf-base.sty
Package: epstopdf-base 2020-01-24 v2.11 Base part for package epstopdf
Package epstopdf-base Info: Redefining graphics rule for `.eps' on input line 4
85.

(/usr/share/texlive/texmf-dist/tex/latex/latexconfig/epstopdf-sys.cfg
File: epstopdf-sys.cfg 2010/07/13 v1.3 Configuration of (r)epstopdf for TeX Liv
e
))
\AtBeginShipoutBox=\box55
Package hyperref Info: Link coloring ON on input line 111.

(/usr/share/texlive/texmf-dist/tex/latex/hyperref/nameref.sty
Package: nameref 2019/09/16 v2.46 Cross-referencing by name of section

(/usr/share/texlive/texmf-dist/tex/latex/refcount/refcount.sty
Package: refcount 2019/12/15 v3.6 Data extraction from label references (HO)
)
(/usr/share/texlive/texmf-dist/tex/generic/gettitlestring/gettitlestring.sty
Package: gettitlestring 2019/12/15 v1.6 Cleanup title references (HO)
)
\c@section@level=\count297
)
LaTeX Info: Redefining \ref on input line 111.
LaTeX Info: Redefining \pageref on input line 111.
LaTeX Info: Redefining \nameref on input line 111.

(./methodoAnalyseSentinel2TimeSerie2021.out)
(./methodoAnalyseSentinel2TimeSerie2021.out)
\@outlinefile=\write3
\openout3 = `methodoAnalyseSentinel2TimeSerie2021.out'.


(/usr/share/texlive/texmf-dist/tex/latex/pdflscape/pdflscape.sty
Package: pdflscape 2019/12/05 v0.12 Display of landscape pages in PDF (HO)

(/usr/share/texlive/texmf-dist/tex/latex/graphics/lscape.sty
Package: lscape 2000/10/22 v3.01 Landscape Pages (DPC)
)
Package pdflscape Info: Auto-detected driver: pdftex on input line 81.
)
\c@lstlisting=\count298
Package caption Info: Begin \AtBeginDocument code.
Package caption Info: End \AtBeginDocument code.
<pages_Degarde_methodoAnalyseSentinel2.pdf, id=56, 597.55246pt x 845.07718pt>
File: pages_Degarde_methodoAnalyseSentinel2.pdf Graphic file (type pdf)
<use pages_Degarde_methodoAnalyseSentinel2.pdf>
Package pdftex.def Info: pages_Degarde_methodoAnalyseSentinel2.pdf  used on inp
ut line 114.
(pdftex.def)             Requested size: 597.551pt x 845.07512pt.
File: pages_Degarde_methodoAnalyseSentinel2.pdf Graphic file (type pdf)
<use pages_Degarde_methodoAnalyseSentinel2.pdf>
Package pdftex.def Info: pages_Degarde_methodoAnalyseSentinel2.pdf  used on inp
ut line 114.
(pdftex.def)             Requested size: 597.551pt x 845.07512pt.
<pages_Degarde_methodoAnalyseSentinel2.pdf, id=59, page=1, 597.55246pt x 845.07
718pt>
File: pages_Degarde_methodoAnalyseSentinel2.pdf Graphic file (type pdf)
<use pages_Degarde_methodoAnalyseSentinel2.pdf, page 1>
Package pdftex.def Info: pages_Degarde_methodoAnalyseSentinel2.pdf , page1 used
 on input line 114.
(pdftex.def)             Requested size: 597.551pt x 845.07512pt.
File: pages_Degarde_methodoAnalyseSentinel2.pdf Graphic file (type pdf)
<use pages_Degarde_methodoAnalyseSentinel2.pdf, page 1>
Package pdftex.def Info: pages_Degarde_methodoAnalyseSentinel2.pdf , page1 used
 on input line 114.
(pdftex.def)             Requested size: 597.57834pt x 845.1138pt.
File: pages_Degarde_methodoAnalyseSentinel2.pdf Graphic file (type pdf)
<use pages_Degarde_methodoAnalyseSentinel2.pdf, page 1>
Package pdftex.def Info: pages_Degarde_methodoAnalyseSentinel2.pdf , page1 used
 on input line 114.
(pdftex.def)             Requested size: 597.57834pt x 845.1138pt.
File: pages_Degarde_methodoAnalyseSentinel2.pdf Graphic file (type pdf)
<use pages_Degarde_methodoAnalyseSentinel2.pdf, page 1>
Package pdftex.def Info: pages_Degarde_methodoAnalyseSentinel2.pdf , page1 used
 on input line 114.
(pdftex.def)             Requested size: 597.57834pt x 845.1138pt.
File: pages_Degarde_methodoAnalyseSentinel2.pdf Graphic file (type pdf)
<use pages_Degarde_methodoAnalyseSentinel2.pdf, page 1>
Package pdftex.def Info: pages_Degarde_methodoAnalyseSentinel2.pdf , page1 used
 on input line 114.
(pdftex.def)             Requested size: 597.57834pt x 845.1138pt.
 [1

 <./pages_Degarde_methodoAnalyseSentinel2.pdf>] (./methodoAnalyseSentinel2TimeS
erie2021.toc
LaTeX Font Info:    Trying to load font information for U+msa on input line 3.

(/usr/share/texlive/texmf-dist/tex/latex/amsfonts/umsa.fd
File: umsa.fd 2013/01/14 v3.01 AMS symbols A
)
LaTeX Font Info:    Trying to load font information for U+msb on input line 3.

(/usr/share/texlive/texmf-dist/tex/latex/amsfonts/umsb.fd
File: umsb.fd 2013/01/14 v3.01 AMS symbols B
)
Overfull \hbox (7.50386pt too wide) in paragraph at lines 14--14
 [] [][][]\OT1/cmr/bx/n/12 Classification des essences avec des s^^Series tem-p
orelles Sentinel- 
 []

)
\tf@toc=\write4
\openout4 = `methodoAnalyseSentinel2TimeSerie2021.toc'.

 [2{/var/lib/texmf/fonts/map/pdftex/updmap/pdftex.map}]
<../theia_d/tuileS2Nom.png, id=102, 891.33pt x 562.1pt>
File: ../theia_d/tuileS2Nom.png Graphic file (type png)
<use ../theia_d/tuileS2Nom.png>
Package pdftex.def Info: ../theia_d/tuileS2Nom.png  used on input line 133.
(pdftex.def)             Requested size: 350.99762pt x 221.3452pt.

Overfull \hbox (19.98575pt too wide) in paragraph at lines 138--138
[]\OT1/cmr/bx/n/17.28 M^^Sethodologie de la d^^Setection des ty-pographes 
 []


Overfull \hbox (0.53954pt too wide) in paragraph at lines 140--140
[]\OT1/cmr/bx/n/14.4 Suivi d'un in-dice spec-tral pour la d^^Setection pr^^Seco
ce
 []

[3 <../theia_d/tuileS2Nom.png>]
Overfull \hbox (6.9806pt too wide) in paragraph at lines 145--146
[]\OT1/cmr/m/n/12 L'indice spec-tral per-me-t-tant la d^^Setection pr^^Secoce (
stade vert du d^^Sep^^Serissement)
 []


Overfull \hbox (6.92271pt too wide) detected at line 156
[]
 []

[4]
<Images/fctHarmo.png, id=132, 766.5438pt x 542.025pt>
File: Images/fctHarmo.png Graphic file (type png)
<use Images/fctHarmo.png>
Package pdftex.def Info: Images/fctHarmo.png  used on input line 170.
(pdftex.def)             Requested size: 350.99762pt x 248.19318pt.
 [5 <./Images/fctHarmo.png>]
<Images/illuArbreCoupe.png, id=142, 622.9674pt x 413.3844pt>
File: Images/illuArbreCoupe.png Graphic file (type png)
<use Images/illuArbreCoupe.png>
Package pdftex.def Info: Images/illuArbreCoupe.png  used on input line 185.
(pdftex.def)             Requested size: 350.99762pt x 232.91922pt.
 [6 <./Images/illuArbreCoupe.png>] [7]
<Images/etatSan/1/ortho_2018.png_LR.png, id=162, 168.06976pt x 119.32953pt>
File: Images/etatSan/1/ortho_2018.png_LR.png Graphic file (type png)
<use Images/etatSan/1/ortho_2018.png_LR.png>
Package pdftex.def Info: Images/etatSan/1/ortho_2018.png_LR.png  used on input 
line 224.
(pdftex.def)             Requested size: 124.80286pt x 88.61198pt.
File: Images/etatSan/1/ortho_2018.png_LR.png Graphic file (type png)
<use Images/etatSan/1/ortho_2018.png_LR.png>
Package pdftex.def Info: Images/etatSan/1/ortho_2018.png_LR.png  used on input 
line 224.
(pdftex.def)             Requested size: 124.80286pt x 88.61198pt.

Underfull \hbox (badness 10000) in paragraph at lines 224--224
[]\OT1/cmr/m/n/10.95 (a)
 []

<Images/etatSan/1/IR_2018.png_LR.png, id=163, 168.06976pt x 119.32953pt>
File: Images/etatSan/1/IR_2018.png_LR.png Graphic file (type png)
<use Images/etatSan/1/IR_2018.png_LR.png>
Package pdftex.def Info: Images/etatSan/1/IR_2018.png_LR.png  used on input lin
e 228.
(pdftex.def)             Requested size: 124.80286pt x 88.61198pt.
File: Images/etatSan/1/IR_2018.png_LR.png Graphic file (type png)
<use Images/etatSan/1/IR_2018.png_LR.png>
Package pdftex.def Info: Images/etatSan/1/IR_2018.png_LR.png  used on input lin
e 228.
(pdftex.def)             Requested size: 124.80286pt x 88.61198pt.

Underfull \hbox (badness 10000) in paragraph at lines 228--228
[]\OT1/cmr/m/n/10.95 (b)
 []

<Images/etatSan/1/ES_2018.png_LR.png, id=164, 168.06976pt x 119.32953pt>
File: Images/etatSan/1/ES_2018.png_LR.png Graphic file (type png)
<use Images/etatSan/1/ES_2018.png_LR.png>
Package pdftex.def Info: Images/etatSan/1/ES_2018.png_LR.png  used on input lin
e 232.
(pdftex.def)             Requested size: 124.80286pt x 88.61198pt.
File: Images/etatSan/1/ES_2018.png_LR.png Graphic file (type png)
<use Images/etatSan/1/ES_2018.png_LR.png>
Package pdftex.def Info: Images/etatSan/1/ES_2018.png_LR.png  used on input lin
e 232.
(pdftex.def)             Requested size: 124.80286pt x 88.61198pt.

Underfull \hbox (badness 10000) in paragraph at lines 232--232
[]\OT1/cmr/m/n/10.95 (c)
 []

<Images/etatSan/1/ortho_2019.png_LR.png, id=165, 168.06976pt x 119.32953pt>
File: Images/etatSan/1/ortho_2019.png_LR.png Graphic file (type png)
<use Images/etatSan/1/ortho_2019.png_LR.png>
Package pdftex.def Info: Images/etatSan/1/ortho_2019.png_LR.png  used on input 
line 236.
(pdftex.def)             Requested size: 124.80286pt x 88.61198pt.
File: Images/etatSan/1/ortho_2019.png_LR.png Graphic file (type png)
<use Images/etatSan/1/ortho_2019.png_LR.png>
Package pdftex.def Info: Images/etatSan/1/ortho_2019.png_LR.png  used on input 
line 236.
(pdftex.def)             Requested size: 124.80286pt x 88.61198pt.

Underfull \hbox (badness 10000) in paragraph at lines 236--236
[]\OT1/cmr/m/n/10.95 (d)
 []

<Images/etatSan/1/IR_2019.png_LR.png, id=166, 168.06976pt x 119.32953pt>
File: Images/etatSan/1/IR_2019.png_LR.png Graphic file (type png)
<use Images/etatSan/1/IR_2019.png_LR.png>
Package pdftex.def Info: Images/etatSan/1/IR_2019.png_LR.png  used on input lin
e 240.
(pdftex.def)             Requested size: 124.80286pt x 88.61198pt.
File: Images/etatSan/1/IR_2019.png_LR.png Graphic file (type png)
<use Images/etatSan/1/IR_2019.png_LR.png>
Package pdftex.def Info: Images/etatSan/1/IR_2019.png_LR.png  used on input lin
e 240.
(pdftex.def)             Requested size: 124.80286pt x 88.61198pt.

Underfull \hbox (badness 10000) in paragraph at lines 240--240
[]\OT1/cmr/m/n/10.95 (e)
 []

<Images/etatSan/1/ES_2019.png_LR.png, id=167, 168.06976pt x 119.32953pt>
File: Images/etatSan/1/ES_2019.png_LR.png Graphic file (type png)
<use Images/etatSan/1/ES_2019.png_LR.png>
Package pdftex.def Info: Images/etatSan/1/ES_2019.png_LR.png  used on input lin
e 244.
(pdftex.def)             Requested size: 124.80286pt x 88.61198pt.
File: Images/etatSan/1/ES_2019.png_LR.png Graphic file (type png)
<use Images/etatSan/1/ES_2019.png_LR.png>
Package pdftex.def Info: Images/etatSan/1/ES_2019.png_LR.png  used on input lin
e 244.
(pdftex.def)             Requested size: 124.80286pt x 88.61198pt.

Underfull \hbox (badness 10000) in paragraph at lines 244--244
[]\OT1/cmr/m/n/10.95 (f)
 []

<Images/etatSan/1/ortho_2020.png_LR.png, id=168, 168.06976pt x 119.32953pt>
File: Images/etatSan/1/ortho_2020.png_LR.png Graphic file (type png)
<use Images/etatSan/1/ortho_2020.png_LR.png>
Package pdftex.def Info: Images/etatSan/1/ortho_2020.png_LR.png  used on input 
line 248.
(pdftex.def)             Requested size: 124.80286pt x 88.61198pt.
File: Images/etatSan/1/ortho_2020.png_LR.png Graphic file (type png)
<use Images/etatSan/1/ortho_2020.png_LR.png>
Package pdftex.def Info: Images/etatSan/1/ortho_2020.png_LR.png  used on input 
line 248.
(pdftex.def)             Requested size: 124.80286pt x 88.61198pt.

Underfull \hbox (badness 10000) in paragraph at lines 248--248
[]\OT1/cmr/m/n/10.95 (g)
 []

<Images/etatSan/1/IR_2020.png_LR.png, id=169, 168.06976pt x 119.32953pt>
File: Images/etatSan/1/IR_2020.png_LR.png Graphic file (type png)
<use Images/etatSan/1/IR_2020.png_LR.png>
Package pdftex.def Info: Images/etatSan/1/IR_2020.png_LR.png  used on input lin
e 252.
(pdftex.def)             Requested size: 124.80286pt x 88.61198pt.
File: Images/etatSan/1/IR_2020.png_LR.png Graphic file (type png)
<use Images/etatSan/1/IR_2020.png_LR.png>
Package pdftex.def Info: Images/etatSan/1/IR_2020.png_LR.png  used on input lin
e 252.
(pdftex.def)             Requested size: 124.80286pt x 88.61198pt.

Underfull \hbox (badness 10000) in paragraph at lines 252--252
[]\OT1/cmr/m/n/10.95 (h)
 []

<Images/etatSan/1/ES_2020.png_LR.png, id=170, 168.06976pt x 119.32953pt>
File: Images/etatSan/1/ES_2020.png_LR.png Graphic file (type png)
<use Images/etatSan/1/ES_2020.png_LR.png>
Package pdftex.def Info: Images/etatSan/1/ES_2020.png_LR.png  used on input lin
e 256.
(pdftex.def)             Requested size: 124.80286pt x 88.61198pt.
File: Images/etatSan/1/ES_2020.png_LR.png Graphic file (type png)
<use Images/etatSan/1/ES_2020.png_LR.png>
Package pdftex.def Info: Images/etatSan/1/ES_2020.png_LR.png  used on input lin
e 256.
(pdftex.def)             Requested size: 124.80286pt x 88.61198pt.

Underfull \hbox (badness 10000) in paragraph at lines 256--256
[]\OT1/cmr/m/n/10.95 (i)
 []


Underfull \hbox (badness 10000) in paragraph at lines 222--258
[][][] []
 []


Underfull \hbox (badness 10000) in paragraph at lines 222--258
[][] []
 []

<Images/etatSan/2/ortho_2018.png_LR.png, id=171, 168.06976pt x 119.32953pt>
File: Images/etatSan/2/ortho_2018.png_LR.png Graphic file (type png)
<use Images/etatSan/2/ortho_2018.png_LR.png>
Package pdftex.def Info: Images/etatSan/2/ortho_2018.png_LR.png  used on input 
line 265.
(pdftex.def)             Requested size: 124.80286pt x 88.61198pt.
File: Images/etatSan/2/ortho_2018.png_LR.png Graphic file (type png)
<use Images/etatSan/2/ortho_2018.png_LR.png>
Package pdftex.def Info: Images/etatSan/2/ortho_2018.png_LR.png  used on input 
line 265.
(pdftex.def)             Requested size: 124.80286pt x 88.61198pt.

Underfull \hbox (badness 10000) in paragraph at lines 265--265
[]\OT1/cmr/m/n/10.95 (a)
 []

<Images/etatSan/2/IR_2018.png_LR.png, id=172, 168.06976pt x 119.32953pt>
File: Images/etatSan/2/IR_2018.png_LR.png Graphic file (type png)
<use Images/etatSan/2/IR_2018.png_LR.png>
Package pdftex.def Info: Images/etatSan/2/IR_2018.png_LR.png  used on input lin
e 269.
(pdftex.def)             Requested size: 124.80286pt x 88.61198pt.
File: Images/etatSan/2/IR_2018.png_LR.png Graphic file (type png)
<use Images/etatSan/2/IR_2018.png_LR.png>
Package pdftex.def Info: Images/etatSan/2/IR_2018.png_LR.png  used on input lin
e 269.
(pdftex.def)             Requested size: 124.80286pt x 88.61198pt.

Underfull \hbox (badness 10000) in paragraph at lines 269--269
[]\OT1/cmr/m/n/10.95 (b)
 []

<Images/etatSan/2/ES_2018.png_LR.png, id=173, 168.06976pt x 119.32953pt>
File: Images/etatSan/2/ES_2018.png_LR.png Graphic file (type png)
<use Images/etatSan/2/ES_2018.png_LR.png>
Package pdftex.def Info: Images/etatSan/2/ES_2018.png_LR.png  used on input lin
e 273.
(pdftex.def)             Requested size: 124.80286pt x 88.61198pt.
File: Images/etatSan/2/ES_2018.png_LR.png Graphic file (type png)
<use Images/etatSan/2/ES_2018.png_LR.png>
Package pdftex.def Info: Images/etatSan/2/ES_2018.png_LR.png  used on input lin
e 273.
(pdftex.def)             Requested size: 124.80286pt x 88.61198pt.

Underfull \hbox (badness 10000) in paragraph at lines 273--273
[]\OT1/cmr/m/n/10.95 (c)
 []

<Images/etatSan/2/ortho_2019.png_LR.png, id=174, 168.06976pt x 119.32953pt>
File: Images/etatSan/2/ortho_2019.png_LR.png Graphic file (type png)
<use Images/etatSan/2/ortho_2019.png_LR.png>
Package pdftex.def Info: Images/etatSan/2/ortho_2019.png_LR.png  used on input 
line 277.
(pdftex.def)             Requested size: 124.80286pt x 88.61198pt.
File: Images/etatSan/2/ortho_2019.png_LR.png Graphic file (type png)
<use Images/etatSan/2/ortho_2019.png_LR.png>
Package pdftex.def Info: Images/etatSan/2/ortho_2019.png_LR.png  used on input 
line 277.
(pdftex.def)             Requested size: 124.80286pt x 88.61198pt.

Underfull \hbox (badness 10000) in paragraph at lines 277--277
[]\OT1/cmr/m/n/10.95 (d)
 []

<Images/etatSan/2/IR_2019.png_LR.png, id=175, 168.06976pt x 119.32953pt>
File: Images/etatSan/2/IR_2019.png_LR.png Graphic file (type png)
<use Images/etatSan/2/IR_2019.png_LR.png>
Package pdftex.def Info: Images/etatSan/2/IR_2019.png_LR.png  used on input lin
e 281.
(pdftex.def)             Requested size: 124.80286pt x 88.61198pt.
File: Images/etatSan/2/IR_2019.png_LR.png Graphic file (type png)
<use Images/etatSan/2/IR_2019.png_LR.png>
Package pdftex.def Info: Images/etatSan/2/IR_2019.png_LR.png  used on input lin
e 281.
(pdftex.def)             Requested size: 124.80286pt x 88.61198pt.

Underfull \hbox (badness 10000) in paragraph at lines 281--281
[]\OT1/cmr/m/n/10.95 (e)
 []

<Images/etatSan/2/ES_2019.png_LR.png, id=176, 168.06976pt x 119.32953pt>
File: Images/etatSan/2/ES_2019.png_LR.png Graphic file (type png)
<use Images/etatSan/2/ES_2019.png_LR.png>
Package pdftex.def Info: Images/etatSan/2/ES_2019.png_LR.png  used on input lin
e 285.
(pdftex.def)             Requested size: 124.80286pt x 88.61198pt.
File: Images/etatSan/2/ES_2019.png_LR.png Graphic file (type png)
<use Images/etatSan/2/ES_2019.png_LR.png>
Package pdftex.def Info: Images/etatSan/2/ES_2019.png_LR.png  used on input lin
e 285.
(pdftex.def)             Requested size: 124.80286pt x 88.61198pt.

Underfull \hbox (badness 10000) in paragraph at lines 285--285
[]\OT1/cmr/m/n/10.95 (f)
 []

<Images/etatSan/2/ortho_2020.png_LR.png, id=177, 168.06976pt x 119.32953pt>
File: Images/etatSan/2/ortho_2020.png_LR.png Graphic file (type png)
<use Images/etatSan/2/ortho_2020.png_LR.png>
Package pdftex.def Info: Images/etatSan/2/ortho_2020.png_LR.png  used on input 
line 289.
(pdftex.def)             Requested size: 124.80286pt x 88.61198pt.
File: Images/etatSan/2/ortho_2020.png_LR.png Graphic file (type png)
<use Images/etatSan/2/ortho_2020.png_LR.png>
Package pdftex.def Info: Images/etatSan/2/ortho_2020.png_LR.png  used on input 
line 289.
(pdftex.def)             Requested size: 124.80286pt x 88.61198pt.

Underfull \hbox (badness 10000) in paragraph at lines 289--289
[]\OT1/cmr/m/n/10.95 (g)
 []

<Images/etatSan/2/IR_2020.png_LR.png, id=178, 168.06976pt x 119.32953pt>
File: Images/etatSan/2/IR_2020.png_LR.png Graphic file (type png)
<use Images/etatSan/2/IR_2020.png_LR.png>
Package pdftex.def Info: Images/etatSan/2/IR_2020.png_LR.png  used on input lin
e 293.
(pdftex.def)             Requested size: 124.80286pt x 88.61198pt.
File: Images/etatSan/2/IR_2020.png_LR.png Graphic file (type png)
<use Images/etatSan/2/IR_2020.png_LR.png>
Package pdftex.def Info: Images/etatSan/2/IR_2020.png_LR.png  used on input lin
e 293.
(pdftex.def)             Requested size: 124.80286pt x 88.61198pt.

Underfull \hbox (badness 10000) in paragraph at lines 293--293
[]\OT1/cmr/m/n/10.95 (h)
 []

<Images/etatSan/2/ES_2020.png_LR.png, id=179, 168.06976pt x 119.32953pt>
File: Images/etatSan/2/ES_2020.png_LR.png Graphic file (type png)
<use Images/etatSan/2/ES_2020.png_LR.png>
Package pdftex.def Info: Images/etatSan/2/ES_2020.png_LR.png  used on input lin
e 297.
(pdftex.def)             Requested size: 124.80286pt x 88.61198pt.
File: Images/etatSan/2/ES_2020.png_LR.png Graphic file (type png)
<use Images/etatSan/2/ES_2020.png_LR.png>
Package pdftex.def Info: Images/etatSan/2/ES_2020.png_LR.png  used on input lin
e 297.
(pdftex.def)             Requested size: 124.80286pt x 88.61198pt.

Underfull \hbox (badness 10000) in paragraph at lines 297--297
[]\OT1/cmr/m/n/10.95 (i)
 []


Underfull \hbox (badness 10000) in paragraph at lines 263--299
[][][] []
 []


Underfull \hbox (badness 10000) in paragraph at lines 263--299
[][] []
 []

<Images/etatSan/3/ortho_2018.png_LR.png, id=180, 56.46094pt x 40.08727pt>
File: Images/etatSan/3/ortho_2018.png_LR.png Graphic file (type png)
<use Images/etatSan/3/ortho_2018.png_LR.png>
Package pdftex.def Info: Images/etatSan/3/ortho_2018.png_LR.png  used on input 
line 305.
(pdftex.def)             Requested size: 124.80286pt x 88.62163pt.
File: Images/etatSan/3/ortho_2018.png_LR.png Graphic file (type png)
<use Images/etatSan/3/ortho_2018.png_LR.png>
Package pdftex.def Info: Images/etatSan/3/ortho_2018.png_LR.png  used on input 
line 305.
(pdftex.def)             Requested size: 124.80286pt x 88.62163pt.

Underfull \hbox (badness 10000) in paragraph at lines 305--305
[]\OT1/cmr/m/n/10.95 (a)
 []

<Images/etatSan/3/IR_2018.png_LR.png, id=181, 56.46094pt x 40.08727pt>
File: Images/etatSan/3/IR_2018.png_LR.png Graphic file (type png)
<use Images/etatSan/3/IR_2018.png_LR.png>
Package pdftex.def Info: Images/etatSan/3/IR_2018.png_LR.png  used on input lin
e 309.
(pdftex.def)             Requested size: 124.80286pt x 88.62163pt.
File: Images/etatSan/3/IR_2018.png_LR.png Graphic file (type png)
<use Images/etatSan/3/IR_2018.png_LR.png>
Package pdftex.def Info: Images/etatSan/3/IR_2018.png_LR.png  used on input lin
e 309.
(pdftex.def)             Requested size: 124.80286pt x 88.62163pt.

Underfull \hbox (badness 10000) in paragraph at lines 309--309
[]\OT1/cmr/m/n/10.95 (b)
 []

<Images/etatSan/3/ES_2018.png_LR.png, id=182, 56.46094pt x 40.08727pt>
File: Images/etatSan/3/ES_2018.png_LR.png Graphic file (type png)
<use Images/etatSan/3/ES_2018.png_LR.png>
Package pdftex.def Info: Images/etatSan/3/ES_2018.png_LR.png  used on input lin
e 313.
(pdftex.def)             Requested size: 124.80286pt x 88.62163pt.
File: Images/etatSan/3/ES_2018.png_LR.png Graphic file (type png)
<use Images/etatSan/3/ES_2018.png_LR.png>
Package pdftex.def Info: Images/etatSan/3/ES_2018.png_LR.png  used on input lin
e 313.
(pdftex.def)             Requested size: 124.80286pt x 88.62163pt.

Underfull \hbox (badness 10000) in paragraph at lines 313--313
[]\OT1/cmr/m/n/10.95 (c)
 []

<Images/etatSan/3/ortho_2019.png_LR.png, id=183, 56.46094pt x 40.08727pt>
File: Images/etatSan/3/ortho_2019.png_LR.png Graphic file (type png)
<use Images/etatSan/3/ortho_2019.png_LR.png>
Package pdftex.def Info: Images/etatSan/3/ortho_2019.png_LR.png  used on input 
line 317.
(pdftex.def)             Requested size: 124.80286pt x 88.62163pt.
File: Images/etatSan/3/ortho_2019.png_LR.png Graphic file (type png)
<use Images/etatSan/3/ortho_2019.png_LR.png>
Package pdftex.def Info: Images/etatSan/3/ortho_2019.png_LR.png  used on input 
line 317.
(pdftex.def)             Requested size: 124.80286pt x 88.62163pt.

Underfull \hbox (badness 10000) in paragraph at lines 317--317
[]\OT1/cmr/m/n/10.95 (d)
 []

<Images/etatSan/3/IR_2019.png_LR.png, id=184, 56.46094pt x 40.08727pt>
File: Images/etatSan/3/IR_2019.png_LR.png Graphic file (type png)
<use Images/etatSan/3/IR_2019.png_LR.png>
Package pdftex.def Info: Images/etatSan/3/IR_2019.png_LR.png  used on input lin
e 321.
(pdftex.def)             Requested size: 124.80286pt x 88.62163pt.
File: Images/etatSan/3/IR_2019.png_LR.png Graphic file (type png)
<use Images/etatSan/3/IR_2019.png_LR.png>
Package pdftex.def Info: Images/etatSan/3/IR_2019.png_LR.png  used on input lin
e 321.
(pdftex.def)             Requested size: 124.80286pt x 88.62163pt.

Underfull \hbox (badness 10000) in paragraph at lines 321--321
[]\OT1/cmr/m/n/10.95 (e)
 []

<Images/etatSan/3/ES_2019.png_LR.png, id=185, 56.46094pt x 40.08727pt>
File: Images/etatSan/3/ES_2019.png_LR.png Graphic file (type png)
<use Images/etatSan/3/ES_2019.png_LR.png>
Package pdftex.def Info: Images/etatSan/3/ES_2019.png_LR.png  used on input lin
e 325.
(pdftex.def)             Requested size: 124.80286pt x 88.62163pt.
File: Images/etatSan/3/ES_2019.png_LR.png Graphic file (type png)
<use Images/etatSan/3/ES_2019.png_LR.png>
Package pdftex.def Info: Images/etatSan/3/ES_2019.png_LR.png  used on input lin
e 325.
(pdftex.def)             Requested size: 124.80286pt x 88.62163pt.

Underfull \hbox (badness 10000) in paragraph at lines 325--325
[]\OT1/cmr/m/n/10.95 (f)
 []


Underfull \hbox (badness 10000) in paragraph at lines 303--327
[][][] []
 []

<Images/etatSan/3/ortho_2020.png_LR.png, id=186, 56.46094pt x 40.08727pt>
File: Images/etatSan/3/ortho_2020.png_LR.png Graphic file (type png)
<use Images/etatSan/3/ortho_2020.png_LR.png>
Package pdftex.def Info: Images/etatSan/3/ortho_2020.png_LR.png  used on input 
line 330.
(pdftex.def)             Requested size: 124.80286pt x 88.62163pt.
File: Images/etatSan/3/ortho_2020.png_LR.png Graphic file (type png)
<use Images/etatSan/3/ortho_2020.png_LR.png>
Package pdftex.def Info: Images/etatSan/3/ortho_2020.png_LR.png  used on input 
line 330.
(pdftex.def)             Requested size: 124.80286pt x 88.62163pt.

Underfull \hbox (badness 10000) in paragraph at lines 330--330
[]\OT1/cmr/m/n/10.95 (g)
 []

<Images/etatSan/3/IR_2020.png_LR.png, id=187, 56.46094pt x 40.08727pt>
File: Images/etatSan/3/IR_2020.png_LR.png Graphic file (type png)
<use Images/etatSan/3/IR_2020.png_LR.png>
Package pdftex.def Info: Images/etatSan/3/IR_2020.png_LR.png  used on input lin
e 334.
(pdftex.def)             Requested size: 124.80286pt x 88.62163pt.
File: Images/etatSan/3/IR_2020.png_LR.png Graphic file (type png)
<use Images/etatSan/3/IR_2020.png_LR.png>
Package pdftex.def Info: Images/etatSan/3/IR_2020.png_LR.png  used on input lin
e 334.
(pdftex.def)             Requested size: 124.80286pt x 88.62163pt.

Underfull \hbox (badness 10000) in paragraph at lines 334--334
[]\OT1/cmr/m/n/10.95 (h)
 []

<Images/etatSan/3/ES_2020.png_LR.png, id=188, 56.46094pt x 40.08727pt>
File: Images/etatSan/3/ES_2020.png_LR.png Graphic file (type png)
<use Images/etatSan/3/ES_2020.png_LR.png>
Package pdftex.def Info: Images/etatSan/3/ES_2020.png_LR.png  used on input lin
e 338.
(pdftex.def)             Requested size: 124.80286pt x 88.62163pt.
File: Images/etatSan/3/ES_2020.png_LR.png Graphic file (type png)
<use Images/etatSan/3/ES_2020.png_LR.png>
Package pdftex.def Info: Images/etatSan/3/ES_2020.png_LR.png  used on input lin
e 338.
(pdftex.def)             Requested size: 124.80286pt x 88.62163pt.

Underfull \hbox (badness 10000) in paragraph at lines 338--338
[]\OT1/cmr/m/n/10.95 (i)
 []

<Images/etatSan/4/ortho_2018.png_LR.png, id=189, 56.46094pt x 40.08727pt>
File: Images/etatSan/4/ortho_2018.png_LR.png Graphic file (type png)
<use Images/etatSan/4/ortho_2018.png_LR.png>
Package pdftex.def Info: Images/etatSan/4/ortho_2018.png_LR.png  used on input 
line 346.
(pdftex.def)             Requested size: 124.80286pt x 88.62163pt.
File: Images/etatSan/4/ortho_2018.png_LR.png Graphic file (type png)
<use Images/etatSan/4/ortho_2018.png_LR.png>
Package pdftex.def Info: Images/etatSan/4/ortho_2018.png_LR.png  used on input 
line 346.
(pdftex.def)             Requested size: 124.80286pt x 88.62163pt.

Underfull \hbox (badness 10000) in paragraph at lines 346--346
[]\OT1/cmr/m/n/10.95 (a)
 []

<Images/etatSan/4/IR_2018.png_LR.png, id=190, 56.46094pt x 40.08727pt>
File: Images/etatSan/4/IR_2018.png_LR.png Graphic file (type png)
<use Images/etatSan/4/IR_2018.png_LR.png>
Package pdftex.def Info: Images/etatSan/4/IR_2018.png_LR.png  used on input lin
e 350.
(pdftex.def)             Requested size: 124.80286pt x 88.62163pt.
File: Images/etatSan/4/IR_2018.png_LR.png Graphic file (type png)
<use Images/etatSan/4/IR_2018.png_LR.png>
Package pdftex.def Info: Images/etatSan/4/IR_2018.png_LR.png  used on input lin
e 350.
(pdftex.def)             Requested size: 124.80286pt x 88.62163pt.

Underfull \hbox (badness 10000) in paragraph at lines 350--350
[]\OT1/cmr/m/n/10.95 (b)
 []

<Images/etatSan/4/ES_2018.png_LR.png, id=191, 168.06976pt x 119.32953pt>
File: Images/etatSan/4/ES_2018.png_LR.png Graphic file (type png)
<use Images/etatSan/4/ES_2018.png_LR.png>
Package pdftex.def Info: Images/etatSan/4/ES_2018.png_LR.png  used on input lin
e 354.
(pdftex.def)             Requested size: 124.80286pt x 88.61198pt.
File: Images/etatSan/4/ES_2018.png_LR.png Graphic file (type png)
<use Images/etatSan/4/ES_2018.png_LR.png>
Package pdftex.def Info: Images/etatSan/4/ES_2018.png_LR.png  used on input lin
e 354.
(pdftex.def)             Requested size: 124.80286pt x 88.61198pt.

Underfull \hbox (badness 10000) in paragraph at lines 354--354
[]\OT1/cmr/m/n/10.95 (c)
 []

<Images/etatSan/4/ortho_2019.png_LR.png, id=192, 56.46094pt x 40.08727pt>
File: Images/etatSan/4/ortho_2019.png_LR.png Graphic file (type png)
<use Images/etatSan/4/ortho_2019.png_LR.png>
Package pdftex.def Info: Images/etatSan/4/ortho_2019.png_LR.png  used on input 
line 358.
(pdftex.def)             Requested size: 124.80286pt x 88.62163pt.
File: Images/etatSan/4/ortho_2019.png_LR.png Graphic file (type png)
<use Images/etatSan/4/ortho_2019.png_LR.png>
Package pdftex.def Info: Images/etatSan/4/ortho_2019.png_LR.png  used on input 
line 358.
(pdftex.def)             Requested size: 124.80286pt x 88.62163pt.

Underfull \hbox (badness 10000) in paragraph at lines 358--358
[]\OT1/cmr/m/n/10.95 (d)
 []

<Images/etatSan/4/IR_2019.png_LR.png, id=193, 56.46094pt x 40.08727pt>
File: Images/etatSan/4/IR_2019.png_LR.png Graphic file (type png)
<use Images/etatSan/4/IR_2019.png_LR.png>
Package pdftex.def Info: Images/etatSan/4/IR_2019.png_LR.png  used on input lin
e 362.
(pdftex.def)             Requested size: 124.80286pt x 88.62163pt.
File: Images/etatSan/4/IR_2019.png_LR.png Graphic file (type png)
<use Images/etatSan/4/IR_2019.png_LR.png>
Package pdftex.def Info: Images/etatSan/4/IR_2019.png_LR.png  used on input lin
e 362.
(pdftex.def)             Requested size: 124.80286pt x 88.62163pt.

Underfull \hbox (badness 10000) in paragraph at lines 362--362
[]\OT1/cmr/m/n/10.95 (e)
 []

<Images/etatSan/4/ES_2019.png_LR.png, id=194, 168.06976pt x 119.32953pt>
File: Images/etatSan/4/ES_2019.png_LR.png Graphic file (type png)
<use Images/etatSan/4/ES_2019.png_LR.png>
Package pdftex.def Info: Images/etatSan/4/ES_2019.png_LR.png  used on input lin
e 366.
(pdftex.def)             Requested size: 124.80286pt x 88.61198pt.
File: Images/etatSan/4/ES_2019.png_LR.png Graphic file (type png)
<use Images/etatSan/4/ES_2019.png_LR.png>
Package pdftex.def Info: Images/etatSan/4/ES_2019.png_LR.png  used on input lin
e 366.
(pdftex.def)             Requested size: 124.80286pt x 88.61198pt.

Underfull \hbox (badness 10000) in paragraph at lines 366--366
[]\OT1/cmr/m/n/10.95 (f)
 []


Underfull \hbox (badness 10000) in paragraph at lines 344--368
[][][] []
 []

<Images/etatSan/4/ortho_2020.png_LR.png, id=195, 56.46094pt x 40.08727pt>
File: Images/etatSan/4/ortho_2020.png_LR.png Graphic file (type png)
<use Images/etatSan/4/ortho_2020.png_LR.png>
Package pdftex.def Info: Images/etatSan/4/ortho_2020.png_LR.png  used on input 
line 371.
(pdftex.def)             Requested size: 124.80286pt x 88.62163pt.
File: Images/etatSan/4/ortho_2020.png_LR.png Graphic file (type png)
<use Images/etatSan/4/ortho_2020.png_LR.png>
Package pdftex.def Info: Images/etatSan/4/ortho_2020.png_LR.png  used on input 
line 371.
(pdftex.def)             Requested size: 124.80286pt x 88.62163pt.

Underfull \hbox (badness 10000) in paragraph at lines 371--371
[]\OT1/cmr/m/n/10.95 (g)
 []

<Images/etatSan/4/IR_2020.png_LR.png, id=196, 56.46094pt x 40.08727pt>
File: Images/etatSan/4/IR_2020.png_LR.png Graphic file (type png)
<use Images/etatSan/4/IR_2020.png_LR.png>
Package pdftex.def Info: Images/etatSan/4/IR_2020.png_LR.png  used on input lin
e 375.
(pdftex.def)             Requested size: 124.80286pt x 88.62163pt.
File: Images/etatSan/4/IR_2020.png_LR.png Graphic file (type png)
<use Images/etatSan/4/IR_2020.png_LR.png>
Package pdftex.def Info: Images/etatSan/4/IR_2020.png_LR.png  used on input lin
e 375.
(pdftex.def)             Requested size: 124.80286pt x 88.62163pt.

Underfull \hbox (badness 10000) in paragraph at lines 375--375
[]\OT1/cmr/m/n/10.95 (h)
 []

<Images/etatSan/4/ES_2020.png_LR.png, id=197, 168.06976pt x 119.32953pt>
File: Images/etatSan/4/ES_2020.png_LR.png Graphic file (type png)
<use Images/etatSan/4/ES_2020.png_LR.png>
Package pdftex.def Info: Images/etatSan/4/ES_2020.png_LR.png  used on input lin
e 379.
(pdftex.def)             Requested size: 124.80286pt x 88.61198pt.
File: Images/etatSan/4/ES_2020.png_LR.png Graphic file (type png)
<use Images/etatSan/4/ES_2020.png_LR.png>
Package pdftex.def Info: Images/etatSan/4/ES_2020.png_LR.png  used on input lin
e 379.
(pdftex.def)             Requested size: 124.80286pt x 88.61198pt.

Underfull \hbox (badness 10000) in paragraph at lines 379--379
[]\OT1/cmr/m/n/10.95 (i)
 []

[8] [9 <./Images/etatSan/1/ortho_2018.png_LR.png> <./Images/etatSan/1/IR_2018.p
ng_LR.png> <./Images/etatSan/1/ES_2018.png_LR.png> <./Images/etatSan/1/ortho_20
19.png_LR.png> <./Images/etatSan/1/IR_2019.png_LR.png> <./Images/etatSan/1/ES_2
019.png_LR.png> <./Images/etatSan/1/ortho_2020.png_LR.png> <./Images/etatSan/1/
IR_2020.png_LR.png> <./Images/etatSan/1/ES_2020.png_LR.png>] [10 <./Images/etat
San/2/ortho_2018.png_LR.png> <./Images/etatSan/2/IR_2018.png_LR.png> <./Images/
etatSan/2/ES_2018.png_LR.png> <./Images/etatSan/2/ortho_2019.png_LR.png> <./Ima
ges/etatSan/2/IR_2019.png_LR.png> <./Images/etatSan/2/ES_2019.png_LR.png> <./Im
ages/etatSan/2/ortho_2020.png_LR.png> <./Images/etatSan/2/IR_2020.png_LR.png> <
./Images/etatSan/2/ES_2020.png_LR.png>] [11 <./Images/etatSan/3/ortho_2018.png_
LR.png> <./Images/etatSan/3/IR_2018.png_LR.png> <./Images/etatSan/3/ES_2018.png
_LR.png> <./Images/etatSan/3/ortho_2019.png_LR.png> <./Images/etatSan/3/IR_2019
.png_LR.png> <./Images/etatSan/3/ES_2019.png_LR.png> <./Images/etatSan/3/ortho_
2020.png_LR.png> <./Images/etatSan/3/IR_2020.png_LR.png> <./Images/etatSan/3/ES
_2020.png_LR.png>] [12 <./Images/etatSan/4/ortho_2018.png_LR.png> <./Images/eta
tSan/4/IR_2018.png_LR.png> <./Images/etatSan/4/ES_2018.png_LR.png> <./Images/et
atSan/4/ortho_2019.png_LR.png> <./Images/etatSan/4/IR_2019.png_LR.png> <./Image
s/etatSan/4/ES_2019.png_LR.png> <./Images/etatSan/4/ortho_2020.png_LR.png> <./I
mages/etatSan/4/IR_2020.png_LR.png> <./Images/etatSan/4/ES_2020.png_LR.png>]
[13]
<Images/esAvantClean.png, id=269, 840.13875pt x 822.07124pt>
File: Images/esAvantClean.png Graphic file (type png)
<use Images/esAvantClean.png>
Package pdftex.def Info: Images/esAvantClean.png  used on input line 631.
(pdftex.def)             Requested size: 191.10214pt x 186.99013pt.
File: Images/esAvantClean.png Graphic file (type png)
<use Images/esAvantClean.png>
Package pdftex.def Info: Images/esAvantClean.png  used on input line 631.
(pdftex.def)             Requested size: 191.10214pt x 186.99013pt.

Overfull \hbox (16.42503pt too wide) in paragraph at lines 631--631
[]\OT1/cmr/m/n/10.95 (a) |[]| 
 []

<Images/esApresClean.png, id=270, 847.165pt x 824.07875pt>
File: Images/esApresClean.png Graphic file (type png)
<use Images/esApresClean.png>
Package pdftex.def Info: Images/esApresClean.png  used on input line 635.
(pdftex.def)             Requested size: 191.10214pt x 185.88754pt.
File: Images/esApresClean.png Graphic file (type png)
<use Images/esApresClean.png>
Package pdftex.def Info: Images/esApresClean.png  used on input line 635.
(pdftex.def)             Requested size: 191.10214pt x 185.88754pt.

Overfull \hbox (17.03337pt too wide) in paragraph at lines 635--635
[]\OT1/cmr/m/n/10.95 (b) |[]| 
 []


Overfull \hbox (28.4953pt too wide) in paragraph at lines 649--650
\OT1/cmr/m/n/12 (pro-jet R^^SegioWood II) pour un to-tal de 127 placettes en pe
ssi^^Rere. L'^^Sechantillonnage
 []

[14] [15 <./Images/esAvantClean.png> <./Images/esApresClean.png>] [16]
<Images/confusionMat.png, id=299, 383.4325pt x 277.035pt>
File: Images/confusionMat.png Graphic file (type png)
<use Images/confusionMat.png>
Package pdftex.def Info: Images/confusionMat.png  used on input line 669.
(pdftex.def)             Requested size: 390.0pt x 281.79837pt.
 [17]
[18 <./Images/confusionMat.png>]
<Images/synthesTrimestre.png, id=319, 597.432pt x 342.5598pt>
File: Images/synthesTrimestre.png Graphic file (type png)
<use Images/synthesTrimestre.png>
Package pdftex.def Info: Images/synthesTrimestre.png  used on input line 691.
(pdftex.def)             Requested size: 390.0pt x 223.62822pt.
 [19 <./Images/synthesTrimestre.png>]
<Images/compoEPorS.pdf, id=328, 650.43pt x 505.89pt>
File: Images/compoEPorS.pdf Graphic file (type pdf)
<use Images/compoEPorS.pdf>
Package pdftex.def Info: Images/compoEPorS.pdf  used on input line 708.
(pdftex.def)             Requested size: 191.10214pt x 148.63414pt.
<Images/compoResineux.pdf, id=329, 650.43pt x 505.89pt>
File: Images/compoResineux.pdf Graphic file (type pdf)
<use Images/compoResineux.pdf>
Package pdftex.def Info: Images/compoResineux.pdf  used on input line 709.
(pdftex.def)             Requested size: 191.10214pt x 148.63414pt.

(./methodoAnalyseSentinel2TimeSerie2021.bbl [20 <./Images/compoEPorS.pdf> <./Im
ages/compoResineux.pdf>])
Package atveryend Info: Empty hook `BeforeClearDocument' on input line 719.
 [21]
Package atveryend Info: Empty hook `AfterLastShipout' on input line 719.
 (./methodoAnalyseSentinel2TimeSerie2021.aux)
Package atveryend Info: Executing hook `AtVeryEndDocument' on input line 719.
Package atveryend Info: Executing hook `AtEndAfterFileList' on input line 719.
Package rerunfilecheck Info: File `methodoAnalyseSentinel2TimeSerie2021.out' ha
s not changed.
(rerunfilecheck)             Checksum: 83548F4381E37531551C45EEE0778126;1042.
Package atveryend Info: Empty hook `AtVeryVeryEnd' on input line 719.
 ) 
Here is how much of TeX's memory you used:
 11744 strings out of 483183
 179652 string characters out of 5966292
 463823 words of memory out of 5000000
 26430 multiletter control sequences out of 15000+600000
 540390 words of font info for 53 fonts, out of 8000000 for 9000
 14 hyphenation exceptions out of 8191
 48i,18n,46p,1472b,624s stack positions out of 5000i,500n,10000p,200000b,80000s
</usr/share/texlive/texmf-dist/fonts/type1/public/amsfonts/cm/cmbx12.pfb></us
r/share/texlive/texmf-dist/fonts/type1/public/amsfonts/cm/cmmi12.pfb></usr/shar
e/texlive/texmf-dist/fonts/type1/public/amsfonts/cm/cmmi6.pfb></usr/share/texli
ve/texmf-dist/fonts/type1/public/amsfonts/cm/cmmi8.pfb></usr/share/texlive/texm
f-dist/fonts/type1/public/amsfonts/cm/cmmib10.pfb></usr/share/texlive/texmf-dis
t/fonts/type1/public/amsfonts/cmextra/cmmib8.pfb></usr/share/texlive/texmf-dist
/fonts/type1/public/amsfonts/cm/cmr10.pfb></usr/share/texlive/texmf-dist/fonts/
type1/public/amsfonts/cm/cmr12.pfb></usr/share/texlive/texmf-dist/fonts/type1/p
ublic/amsfonts/cm/cmr8.pfb></usr/share/texlive/texmf-dist/fonts/type1/public/am
sfonts/cm/cmsy10.pfb></usr/share/texlive/texmf-dist/fonts/type1/public/amsfonts
/cm/cmti12.pfb></usr/share/texlive/texmf-dist/fonts/type1/public/amsfonts/cm/cm
tt12.pfb>
Output written on methodoAnalyseSentinel2TimeSerie2021.pdf (21 pages, 1276862 b
ytes).
PDF statistics:
 407 PDF objects out of 1000 (max. 8388607)
 273 compressed objects within 3 object streams
 72 named destinations out of 1000 (max. 500000)
 350 words of extra memory for PDF output out of 10000 (max. 10000000)

